<?xml version="1.0" encoding="UTF-8"?>
<!-- Generated by org.testng.reporters.JUnitXMLReporter -->
<testsuite ignored="0" hostname="DESKTOP-E9GH2O5" failures="0" tests="9" name="Default test" time="178.594" errors="0" timestamp="2025-04-16T09:09:28 IST">
  <testcase classname="tests.Login" name="verifyLoginWithValidCredentials" time="1.371"/>
  <testcase classname="tests.Login" name="verifyLoginWithValidCredentials" time="1.462"/>
  <testcase classname="tests.Login" name="verifyLoginWithValidCredentials" time="1.343"/>
  <testcase classname="tests.Login" name="verifyLoginWithValidCredentials" time="1.334"/>
  <testcase classname="tests.Login" name="verifyLoginWithValidCredentials" time="1.378"/>
  <testcase classname="tests.Login" name="verifyLoginWithInvalidEmailAndPassword" time="1.149"/>
  <testcase classname="tests.Login" name="verifyLoginWithInvalidEmailAndValidPassword" time="1.208"/>
  <testcase classname="tests.Login" name="verifyLoginWithValidEmailAndINValidPassword" time="1.324"/>
  <testcase classname="tests.Login" name="verifyLoginWithoutCredentials" time="0.977"/>
</testsuite> <!-- Default test -->
